<?xml version="1.0" encoding="UTF-8"?>
<!-- Generated by org.testng.reporters.JUnitXMLReporter -->
<testsuite ignored="0" hostname="Gayathri" failures="0" tests="6" name="Default test" time="24.005" errors="0" timestamp="2024-05-13T15:43:28 IST">
  <testcase classname="api.tests.DataDrivenTests" name="testDeleteUserByName" time="13.992"/>
  <testcase classname="api.tests.DataDrivenTests" name="testDeleteUserByName" time="1.594"/>
  <testcase classname="api.tests.DataDrivenTests" name="testDeleteUserByName" time="1.647"/>
  <testcase classname="api.tests.DataDrivenTests" name="testPostUser" time="1.954"/>
  <testcase classname="api.tests.DataDrivenTests" name="testPostUser" time="1.594"/>
  <testcase classname="api.tests.DataDrivenTests" name="testPostUser" time="2.039"/>
</testsuite> <!-- Default test -->
