<?xml version="1.0" encoding="UTF-8"?>
<testng-results ignored="0" total="4" passed="4" failed="0" skipped="0">
  <reporter-output>
  </reporter-output>
  <suite started-at="2024-05-20T17:21:36 IST" name="PetSuite" finished-at="2024-05-20T17:21:58 IST" duration-ms="22299">
    <groups>
    </groups>
    <test started-at="2024-05-20T17:21:36 IST" name="PetTest" finished-at="2024-05-20T17:21:58 IST" duration-ms="22299">
      <class name="api.tests.UserTestsProperties">
        <test-method is-config="true" signature="setupData()[pri:0, instance:api.tests.UserTestsProperties@1189dd52]" started-at="2024-05-20T17:21:36 IST" name="setupData" finished-at="2024-05-20T17:21:37 IST" duration-ms="637" status="PASS">
          <reporter-output>
          </reporter-output>
        </test-method> <!-- setupData -->
        <test-method signature="testPostUser()[pri:1, instance:api.tests.UserTestsProperties@1189dd52]" started-at="2024-05-20T17:21:37 IST" name="testPostUser" finished-at="2024-05-20T17:21:51 IST" duration-ms="14584" status="PASS">
          <reporter-output>
          </reporter-output>
        </test-method> <!-- testPostUser -->
        <test-method signature="testGetUserByName()[pri:2, instance:api.tests.UserTestsProperties@1189dd52]" started-at="2024-05-20T17:21:51 IST" name="testGetUserByName" finished-at="2024-05-20T17:21:53 IST" duration-ms="2095" status="PASS">
          <reporter-output>
          </reporter-output>
        </test-method> <!-- testGetUserByName -->
        <test-method signature="testUpdateUserByName()[pri:3, instance:api.tests.UserTestsProperties@1189dd52]" started-at="2024-05-20T17:21:53 IST" name="testUpdateUserByName" finished-at="2024-05-20T17:21:57 IST" duration-ms="3237" status="PASS">
          <reporter-output>
          </reporter-output>
        </test-method> <!-- testUpdateUserByName -->
        <test-method signature="testDeleteUserByName()[pri:4, instance:api.tests.UserTestsProperties@1189dd52]" started-at="2024-05-20T17:21:57 IST" name="testDeleteUserByName" finished-at="2024-05-20T17:21:58 IST" duration-ms="1535" status="PASS">
          <reporter-output>
          </reporter-output>
        </test-method> <!-- testDeleteUserByName -->
      </class> <!-- api.tests.UserTestsProperties -->
    </test> <!-- PetTest -->
  </suite> <!-- PetSuite -->
</testng-results>
