<?xml version="1.0" encoding="UTF-8"?>
<testng-results ignored="0" total="4" passed="4" failed="0" skipped="0">
  <reporter-output>
  </reporter-output>
  <suite started-at="2024-05-20T16:48:32 IST" name="PetSuite" finished-at="2024-05-20T16:48:54 IST" duration-ms="21799">
    <groups>
    </groups>
    <test started-at="2024-05-20T16:48:32 IST" name="PetTest" finished-at="2024-05-20T16:48:54 IST" duration-ms="21799">
      <class name="api.tests.UserTestsProperties">
        <test-method is-config="true" signature="setupData()[pri:0, instance:api.tests.UserTestsProperties@5aa9e4eb]" started-at="2024-05-20T16:48:33 IST" name="setupData" finished-at="2024-05-20T16:48:33 IST" duration-ms="763" status="PASS">
          <reporter-output>
          </reporter-output>
        </test-method> <!-- setupData -->
        <test-method signature="testPostUser()[pri:1, instance:api.tests.UserTestsProperties@5aa9e4eb]" started-at="2024-05-20T16:48:33 IST" name="testPostUser" finished-at="2024-05-20T16:48:48 IST" duration-ms="14400" status="PASS">
          <reporter-output>
          </reporter-output>
        </test-method> <!-- testPostUser -->
        <test-method signature="testGetUserByName()[pri:2, instance:api.tests.UserTestsProperties@5aa9e4eb]" started-at="2024-05-20T16:48:48 IST" name="testGetUserByName" finished-at="2024-05-20T16:48:50 IST" duration-ms="1645" status="PASS">
          <reporter-output>
          </reporter-output>
        </test-method> <!-- testGetUserByName -->
        <test-method signature="testUpdateUserByName()[pri:3, instance:api.tests.UserTestsProperties@5aa9e4eb]" started-at="2024-05-20T16:48:50 IST" name="testUpdateUserByName" finished-at="2024-05-20T16:48:53 IST" duration-ms="3060" status="PASS">
          <reporter-output>
          </reporter-output>
        </test-method> <!-- testUpdateUserByName -->
        <test-method signature="testDeleteUserByName()[pri:4, instance:api.tests.UserTestsProperties@5aa9e4eb]" started-at="2024-05-20T16:48:53 IST" name="testDeleteUserByName" finished-at="2024-05-20T16:48:54 IST" duration-ms="1619" status="PASS">
          <reporter-output>
          </reporter-output>
        </test-method> <!-- testDeleteUserByName -->
      </class> <!-- api.tests.UserTestsProperties -->
    </test> <!-- PetTest -->
  </suite> <!-- PetSuite -->
</testng-results>
