<?xml version="1.0" encoding="UTF-8"?>
<!-- Generated by org.testng.reporters.JUnitXMLReporter -->
<testsuite ignored="0" hostname="Gayathri" failures="0" tests="4" name="PetTest" time="22.299" errors="0" timestamp="2024-05-20T17:21:58 IST">
  <testcase classname="api.tests.UserTestsProperties" name="testPostUser" time="14.584"/>
  <testcase classname="api.tests.UserTestsProperties" name="testGetUserByName" time="2.095"/>
  <testcase classname="api.tests.UserTestsProperties" name="testUpdateUserByName" time="3.237"/>
  <testcase classname="api.tests.UserTestsProperties" name="testDeleteUserByName" time="1.535"/>
</testsuite> <!-- PetTest -->
