<?xml version="1.0" encoding="UTF-8"?>
<!-- Generated by org.testng.reporters.JUnitXMLReporter -->
<testsuite ignored="0" hostname="Gayathri" failures="0" tests="4" name="PetTest" time="21.799" errors="0" timestamp="2024-05-20T16:48:54 IST">
  <testcase classname="api.tests.UserTestsProperties" name="testPostUser" time="14.4"/>
  <testcase classname="api.tests.UserTestsProperties" name="testGetUserByName" time="1.645"/>
  <testcase classname="api.tests.UserTestsProperties" name="testUpdateUserByName" time="3.06"/>
  <testcase classname="api.tests.UserTestsProperties" name="testDeleteUserByName" time="1.619"/>
</testsuite> <!-- PetTest -->
